# JRE version: OpenJDK Runtime Environment (21.0.5) (build 21.0.5+-13047016-b750.29)
# Java VM: OpenJDK 64-Bit Server VM (21.0.5+-13047016-b750.29, mixed mode, tiered, compressed oops, compressed class ptrs, g1 gc, windows-amd64)
GC Precious Log:
 CardTable entry size: 512
 Card Set container configuration: InlinePtr #cards 5 size 8 Array Of Cards #cards 12 size 40 Howl #buckets 4 coarsen threshold 1843 Howl Bitmap #cards 512 size 80 coarsen threshold 460 Card regions per heap region 1 cards per card region 2048
 CPUs: 16 total, 16 available
 Memory: 15711M
 Large Page Support: Disabled
 NUMA Support: Disabled
 Compressed Oops: Enabled (32-bit)
 Heap Region Size: 1M
 Heap Min Capacity: 8M
 Heap Initial Capacity: 246M
 Heap Max Capacity: 2G
 Pre-touch: Disabled
 Parallel Workers: 13
 Concurrent Workers: 3
 Concurrent Refinement Workers: 13
 Periodic GC: Disabled
Heap:
 garbage-first heap   total 93184K, used 57868K [0x0000000080000000, 0x0000000100000000)
  region size 1024K, 9 young (9216K), 4 survivors (4096K)
 Metaspace       used 50051K, committed 51264K, reserved 1114112K
  class space    used 6647K, committed 7232K, reserved 1048576K
GC Heap History (18 events):
Event: 0.536 GC heap before
{Heap before GC invocations=0 (full 0):
 garbage-first heap   total 251904K, used 26624K [0x0000000080000000, 0x0000000100000000)
  region size 1024K, 23 young (23552K), 0 survivors (0K)
 Metaspace       used 8038K, committed 8192K, reserved 1114112K
  class space    used 711K, committed 768K, reserved 1048576K
}
Event: 0.541 GC heap after
{Heap after GC invocations=1 (full 0):
 garbage-first heap   total 251904K, used 10063K [0x0000000080000000, 0x0000000100000000)
  region size 1024K, 3 young (3072K), 3 survivors (3072K)
 Metaspace       used 8038K, committed 8192K, reserved 1114112K
  class space    used 711K, committed 768K, reserved 1048576K
}
Event: 1.078 GC heap before
{Heap before GC invocations=1 (full 0):
 garbage-first heap   total 251904K, used 41807K [0x0000000080000000, 0x0000000100000000)
  region size 1024K, 34 young (34816K), 3 survivors (3072K)
 Metaspace       used 12135K, committed 12352K, reserved 1114112K
  class space    used 1268K, committed 1408K, reserved 1048576K
}
Event: 1.082 GC heap after
{Heap after GC invocations=2 (full 0):
 garbage-first heap   total 251904K, used 12029K [0x0000000080000000, 0x0000000100000000)
  region size 1024K, 2 young (2048K), 2 survivors (2048K)
 Metaspace       used 12135K, committed 12352K, reserved 1114112K
  class space    used 1268K, committed 1408K, reserved 1048576K
}
Event: 1.695 GC heap before
{Heap before GC invocations=2 (full 0):
 garbage-first heap   total 251904K, used 61181K [0x0000000080000000, 0x0000000100000000)
  region size 1024K, 49 young (50176K), 2 survivors (2048K)
 Metaspace       used 15972K, committed 16256K, reserved 1114112K
  class space    used 1762K, committed 1920K, reserved 1048576K
}
Event: 1.700 GC heap after
{Heap after GC invocations=3 (full 0):
 garbage-first heap   total 251904K, used 18793K [0x0000000080000000, 0x0000000100000000)
  region size 1024K, 7 young (7168K), 7 survivors (7168K)
 Metaspace       used 15972K, committed 16256K, reserved 1114112K
  class space    used 1762K, committed 1920K, reserved 1048576K
}
Event: 2.112 GC heap before
{Heap before GC invocations=3 (full 0):
 garbage-first heap   total 251904K, used 38249K [0x0000000080000000, 0x0000000100000000)
  region size 1024K, 27 young (27648K), 7 survivors (7168K)
 Metaspace       used 21170K, committed 21504K, reserved 1114112K
  class space    used 2449K, committed 2624K, reserved 1048576K
}
Event: 2.116 GC heap after
{Heap after GC invocations=4 (full 0):
 garbage-first heap   total 251904K, used 20967K [0x0000000080000000, 0x0000000100000000)
  region size 1024K, 10 young (10240K), 10 survivors (10240K)
 Metaspace       used 21170K, committed 21504K, reserved 1114112K
  class space    used 2449K, committed 2624K, reserved 1048576K
}
Event: 2.887 GC heap before
{Heap before GC invocations=5 (full 0):
 garbage-first heap   total 75776K, used 73191K [0x0000000080000000, 0x0000000100000000)
  region size 1024K, 62 young (63488K), 10 survivors (10240K)
 Metaspace       used 29575K, committed 30208K, reserved 1114112K
  class space    used 3788K, committed 4096K, reserved 1048576K
}
Event: 2.894 GC heap after
{Heap after GC invocations=6 (full 0):
 garbage-first heap   total 88064K, used 23913K [0x0000000080000000, 0x0000000100000000)
  region size 1024K, 12 young (12288K), 12 survivors (12288K)
 Metaspace       used 29575K, committed 30208K, reserved 1114112K
  class space    used 3788K, committed 4096K, reserved 1048576K
}
Event: 3.448 GC heap before
{Heap before GC invocations=6 (full 0):
 garbage-first heap   total 88064K, used 74089K [0x0000000080000000, 0x0000000100000000)
  region size 1024K, 51 young (52224K), 12 survivors (12288K)
 Metaspace       used 34600K, committed 35456K, reserved 1114112K
  class space    used 4642K, committed 5056K, reserved 1048576K
}
Event: 3.455 GC heap after
{Heap after GC invocations=7 (full 0):
 garbage-first heap   total 93184K, used 38984K [0x0000000080000000, 0x0000000100000000)
  region size 1024K, 7 young (7168K), 7 survivors (7168K)
 Metaspace       used 34600K, committed 35456K, reserved 1114112K
  class space    used 4642K, committed 5056K, reserved 1048576K
}
Event: 3.535 GC heap before
{Heap before GC invocations=7 (full 0):
 garbage-first heap   total 93184K, used 47176K [0x0000000080000000, 0x0000000100000000)
  region size 1024K, 15 young (15360K), 7 survivors (7168K)
 Metaspace       used 35215K, committed 36096K, reserved 1114112K
  class space    used 4747K, committed 5184K, reserved 1048576K
}
Event: 3.539 GC heap after
{Heap after GC invocations=8 (full 0):
 garbage-first heap   total 93184K, used 42186K [0x0000000080000000, 0x0000000100000000)
  region size 1024K, 2 young (2048K), 2 survivors (2048K)
 Metaspace       used 35215K, committed 36096K, reserved 1114112K
  class space    used 4747K, committed 5184K, reserved 1048576K
}
Event: 3.960 GC heap before
{Heap before GC invocations=9 (full 0):
 garbage-first heap   total 93184K, used 78026K [0x0000000080000000, 0x0000000100000000)
  region size 1024K, 37 young (37888K), 2 survivors (2048K)
 Metaspace       used 39480K, committed 40512K, reserved 1114112K
  class space    used 5428K, committed 5952K, reserved 1048576K
}
Event: 3.962 GC heap after
{Heap after GC invocations=10 (full 0):
 garbage-first heap   total 93184K, used 43678K [0x0000000080000000, 0x0000000100000000)
  region size 1024K, 4 young (4096K), 4 survivors (4096K)
 Metaspace       used 39480K, committed 40512K, reserved 1114112K
  class space    used 5428K, committed 5952K, reserved 1048576K
}
Event: 4.455 GC heap before
{Heap before GC invocations=10 (full 0):
 garbage-first heap   total 93184K, used 78494K [0x0000000080000000, 0x0000000100000000)
  region size 1024K, 39 young (39936K), 4 survivors (4096K)
 Metaspace       used 46514K, committed 47808K, reserved 1114112K
  class space    used 6343K, committed 6976K, reserved 1048576K
}
Event: 4.459 GC heap after
{Heap after GC invocations=11 (full 0):
 garbage-first heap   total 93184K, used 46170K [0x0000000080000000, 0x0000000100000000)
  region size 1024K, 5 young (5120K), 5 survivors (5120K)
 Metaspace       used 46514K, committed 47808K, reserved 1114112K
  class space    used 6343K, committed 6976K, reserved 1048576K
}

